<?xml version="1.0" encoding="UTF-8"?>
<!-- Generated by org.testng.reporters.JUnitReportReporter -->
<testsuite skipped="0" hostname="T-I-N-A" name="insurance_Motorcycle.E2E_Test_Motorcycle" tests="2" failures="0" timestamp="2021-09-20T21:34:53 AEST" time="18.722" errors="0">
  <testcase name="VehicleInsuranceCalc_Volvo" time="11.375" classname="insurance_Motorcycle.E2E_Test_Motorcycle"/>
  <system-out/>
  <testcase name="VehicleInsuranceCalc_Volvo" time="7.347" classname="insurance_Motorcycle.E2E_Test_Motorcycle"/>
  <system-out/>
</testsuite> <!-- insurance_Motorcycle.E2E_Test_Motorcycle -->
