<?xml version="1.0" encoding="UTF-8"?>
<!-- Generated by org.testng.reporters.JUnitReportReporter -->
<testsuite skipped="0" hostname="T-I-N-A" name="insurance_Motorcycle.E2E_Test_Motorcycle" tests="2" failures="0" timestamp="2021-09-28T21:52:03 AEST" time="30.565" errors="0">
  <testcase name="VehicleInsuranceCalc_Volvo" time="15.814" classname="insurance_Motorcycle.E2E_Test_Motorcycle"/>
  <system-out/>
  <testcase name="VehicleInsuranceCalc_Volvo" time="14.751" classname="insurance_Motorcycle.E2E_Test_Motorcycle"/>
  <system-out/>
</testsuite> <!-- insurance_Motorcycle.E2E_Test_Motorcycle -->
