<?xml version="1.0" encoding="UTF-8"?>
<!-- Generated by org.testng.reporters.JUnitReportReporter -->
<testsuite skipped="0" hostname="T-I-N-A" name="insurance_Motorcycle.E2E_ExcelDataDirect_Test_Motorcycle" tests="1" failures="0" timestamp="2021-09-21T21:38:10 AEST" time="18.716" errors="0">
  <testcase name="VehicleInsuranceCalc_Volvo1" time="18.716" classname="insurance_Motorcycle.E2E_ExcelDataDirect_Test_Motorcycle"/>
  <system-out/>
</testsuite> <!-- insurance_Motorcycle.E2E_ExcelDataDirect_Test_Motorcycle -->
