<?xml version="1.0" encoding="UTF-8"?>
<!-- Generated by org.testng.reporters.JUnitReportReporter -->
<testsuite skipped="0" hostname="T-I-N-A" name="insurance_Motorcycle.E2E_Test_Motorcycle" tests="1" failures="0" timestamp="2021-08-23T22:06:01 AEST" time="15.421" errors="0">
  <testcase name="VehicleInsuranceCalc_Volvo" time="15.421" classname="insurance_Motorcycle.E2E_Test_Motorcycle"/>
  <system-out/>
</testsuite> <!-- insurance_Motorcycle.E2E_Test_Motorcycle -->
